<?xml version="1.0" encoding="UTF-8"?>
<!-- Generated by org.testng.reporters.JUnitXMLReporter -->
<testsuite hostname="Bens-TwoInOne" ignored="0" name="Default test" tests="4" failures="0" timestamp="01 Aug 2019 20:11:44 GMT" time="15.535" errors="0">
  <testcase name="clickThroughNavBar" time="0.031" classname="com.revature.testNg.WrapHomeAdvanced"/>
  <testcase name="confirmHomePage" time="0.045" classname="com.revature.testNg.WrapHomeAdvanced"/>
  <testcase name="logIntoWrap" time="0.421" classname="com.revature.testNg.WrapHomeAdvanced"/>
  <testcase name="logOutOfWrap" time="0.234" classname="com.revature.testNg.WrapHomeAdvanced"/>
</testsuite> <!-- Default test -->
